2016-05-04 12:09:28,461 [Worker-0] INFO  o.e.m.c.i.l.LifecycleMappingFactory - Using org.maven.ide.eclipse.wtp.WarLifecycleMapping lifecycle mapping for MavenProject: org.lokesh.applabs:messenger:0.0.1-SNAPSHOT @ D:\java_samples\New folder\messenger\pom.xml.
2016-05-04 12:09:28,461 [Worker-5] INFO  o.e.m.c.i.l.LifecycleMappingFactory - Using org.maven.ide.eclipse.wtp.WarLifecycleMapping lifecycle mapping for MavenProject: org.lokesh.applabs:messenger:0.0.1-SNAPSHOT @ D:\java_samples\New folder\messenger\pom.xml.
2016-05-04 12:09:52,148 [Worker-0] INFO  o.e.m.c.i.embedder.EclipseLogger - Using 'UTF-8' encoding to copy filtered resources.
2016-05-04 12:09:52,164 [Worker-0] INFO  o.e.m.c.i.embedder.EclipseLogger - Copying 0 resource
2016-05-04 12:09:52,173 [Worker-0] INFO  o.e.m.c.i.embedder.EclipseLogger - Using 'UTF-8' encoding to copy filtered resources.
2016-05-04 12:09:52,173 [Worker-0] INFO  o.e.m.c.i.embedder.EclipseLogger - skip non existing resourceDirectory D:\java_samples\New folder\messenger\src\test\resources
2016-05-04 12:09:58,694 [Worker-2] INFO  o.e.m.c.i.l.LifecycleMappingFactory - Using org.maven.ide.eclipse.wtp.WarLifecycleMapping lifecycle mapping for MavenProject: org.lokesh.applabs:messenger:0.0.1-SNAPSHOT @ D:\java_samples\New folder\messenger\pom.xml.
2016-05-04 12:10:01,393 [Worker-19] INFO  o.e.m.c.i.embedder.EclipseLogger - Using 'UTF-8' encoding to copy filtered resources.
2016-05-04 12:10:01,405 [Worker-19] INFO  o.e.m.c.i.embedder.EclipseLogger - Copying 0 resource
2016-05-04 12:10:01,411 [Worker-19] INFO  o.e.m.c.i.embedder.EclipseLogger - Using 'UTF-8' encoding to copy filtered resources.
2016-05-04 12:10:01,412 [Worker-19] INFO  o.e.m.c.i.embedder.EclipseLogger - skip non existing resourceDirectory D:\java_samples\New folder\messenger\src\test\resources
2016-05-04 12:10:09,080 [Worker-6] INFO  o.e.m.c.i.embedder.EclipseLogger - Using 'UTF-8' encoding to copy filtered resources.
2016-05-04 12:10:09,081 [Worker-6] INFO  o.e.m.c.i.embedder.EclipseLogger - Copying 0 resource
2016-05-04 12:10:09,085 [Worker-6] INFO  o.e.m.c.i.embedder.EclipseLogger - Using 'UTF-8' encoding to copy filtered resources.
2016-05-04 12:10:09,086 [Worker-6] INFO  o.e.m.c.i.embedder.EclipseLogger - skip non existing resourceDirectory D:\java_samples\New folder\messenger\src\test\resources
2016-05-04 12:49:52,806 [Worker-39] INFO  o.e.m.c.i.embedder.EclipseLogger - Using 'UTF-8' encoding to copy filtered resources.
2016-05-04 12:49:52,813 [Worker-39] INFO  o.e.m.c.i.embedder.EclipseLogger - Copying 0 resource
2016-05-04 12:49:52,820 [Worker-39] INFO  o.e.m.c.i.embedder.EclipseLogger - Using 'UTF-8' encoding to copy filtered resources.
2016-05-04 12:49:52,820 [Worker-39] INFO  o.e.m.c.i.embedder.EclipseLogger - skip non existing resourceDirectory D:\java_samples\New folder\messenger\src\test\resources
2016-05-04 12:53:13,695 [Worker-34] INFO  o.e.m.c.i.embedder.EclipseLogger - Using 'UTF-8' encoding to copy filtered resources.
2016-05-04 12:53:13,698 [Worker-34] INFO  o.e.m.c.i.embedder.EclipseLogger - Copying 0 resource
2016-05-04 12:53:13,703 [Worker-34] INFO  o.e.m.c.i.embedder.EclipseLogger - Using 'UTF-8' encoding to copy filtered resources.
2016-05-04 12:53:13,704 [Worker-34] INFO  o.e.m.c.i.embedder.EclipseLogger - skip non existing resourceDirectory D:\java_samples\New folder\messenger\src\test\resources
2016-05-04 12:53:55,201 [Worker-43] INFO  o.e.m.c.i.embedder.EclipseLogger - Using 'UTF-8' encoding to copy filtered resources.
2016-05-04 12:53:55,203 [Worker-43] INFO  o.e.m.c.i.embedder.EclipseLogger - Copying 0 resource
2016-05-04 12:53:55,207 [Worker-43] INFO  o.e.m.c.i.embedder.EclipseLogger - Using 'UTF-8' encoding to copy filtered resources.
2016-05-04 12:53:55,208 [Worker-43] INFO  o.e.m.c.i.embedder.EclipseLogger - skip non existing resourceDirectory D:\java_samples\New folder\messenger\src\test\resources
2016-05-04 12:54:35,386 [Worker-43] INFO  o.e.m.c.i.embedder.EclipseLogger - Using 'UTF-8' encoding to copy filtered resources.
2016-05-04 12:54:35,392 [Worker-43] INFO  o.e.m.c.i.embedder.EclipseLogger - Copying 0 resource
2016-05-04 12:54:35,397 [Worker-43] INFO  o.e.m.c.i.embedder.EclipseLogger - Using 'UTF-8' encoding to copy filtered resources.
2016-05-04 12:54:35,397 [Worker-43] INFO  o.e.m.c.i.embedder.EclipseLogger - skip non existing resourceDirectory D:\java_samples\New folder\messenger\src\test\resources
2016-05-04 12:55:45,804 [Worker-42] INFO  o.e.m.c.i.embedder.EclipseLogger - Using 'UTF-8' encoding to copy filtered resources.
2016-05-04 12:55:45,806 [Worker-42] INFO  o.e.m.c.i.embedder.EclipseLogger - Copying 0 resource
2016-05-04 12:55:45,852 [Worker-42] INFO  o.e.m.c.i.embedder.EclipseLogger - Using 'UTF-8' encoding to copy filtered resources.
2016-05-04 12:55:45,853 [Worker-42] INFO  o.e.m.c.i.embedder.EclipseLogger - skip non existing resourceDirectory D:\java_samples\New folder\messenger\src\test\resources
2016-05-04 12:56:00,858 [Worker-34] INFO  o.e.m.c.i.embedder.EclipseLogger - Using 'UTF-8' encoding to copy filtered resources.
2016-05-04 12:56:00,861 [Worker-34] INFO  o.e.m.c.i.embedder.EclipseLogger - Copying 0 resource
2016-05-04 12:56:00,868 [Worker-34] INFO  o.e.m.c.i.embedder.EclipseLogger - Using 'UTF-8' encoding to copy filtered resources.
2016-05-04 12:56:00,869 [Worker-34] INFO  o.e.m.c.i.embedder.EclipseLogger - skip non existing resourceDirectory D:\java_samples\New folder\messenger\src\test\resources
2016-05-04 12:58:53,867 [Worker-45] INFO  o.e.m.c.i.embedder.EclipseLogger - Using 'UTF-8' encoding to copy filtered resources.
2016-05-04 12:58:53,869 [Worker-45] INFO  o.e.m.c.i.embedder.EclipseLogger - Copying 0 resource
2016-05-04 12:58:53,873 [Worker-45] INFO  o.e.m.c.i.embedder.EclipseLogger - Using 'UTF-8' encoding to copy filtered resources.
2016-05-04 12:58:53,873 [Worker-45] INFO  o.e.m.c.i.embedder.EclipseLogger - skip non existing resourceDirectory D:\java_samples\New folder\messenger\src\test\resources
2016-05-04 13:01:09,726 [Worker-45] INFO  o.e.m.c.i.embedder.EclipseLogger - Using 'UTF-8' encoding to copy filtered resources.
2016-05-04 13:01:09,729 [Worker-45] INFO  o.e.m.c.i.embedder.EclipseLogger - Copying 0 resource
2016-05-04 13:01:09,733 [Worker-45] INFO  o.e.m.c.i.embedder.EclipseLogger - Using 'UTF-8' encoding to copy filtered resources.
2016-05-04 13:01:09,733 [Worker-45] INFO  o.e.m.c.i.embedder.EclipseLogger - skip non existing resourceDirectory D:\java_samples\New folder\messenger\src\test\resources
2016-05-04 13:32:41,217 [Worker-55] INFO  o.e.m.c.i.embedder.EclipseLogger - Using 'UTF-8' encoding to copy filtered resources.
2016-05-04 13:32:41,224 [Worker-55] INFO  o.e.m.c.i.embedder.EclipseLogger - Copying 0 resource
2016-05-04 13:32:41,230 [Worker-55] INFO  o.e.m.c.i.embedder.EclipseLogger - Using 'UTF-8' encoding to copy filtered resources.
2016-05-04 13:32:41,230 [Worker-55] INFO  o.e.m.c.i.embedder.EclipseLogger - skip non existing resourceDirectory D:\java_samples\New folder\messenger\src\test\resources
2016-05-04 13:46:40,966 [Worker-65] INFO  o.e.m.c.i.embedder.EclipseLogger - Using 'UTF-8' encoding to copy filtered resources.
2016-05-04 13:46:40,969 [Worker-65] INFO  o.e.m.c.i.embedder.EclipseLogger - Copying 0 resource
2016-05-04 13:46:40,975 [Worker-65] INFO  o.e.m.c.i.embedder.EclipseLogger - Using 'UTF-8' encoding to copy filtered resources.
2016-05-04 13:46:40,976 [Worker-65] INFO  o.e.m.c.i.embedder.EclipseLogger - skip non existing resourceDirectory D:\java_samples\New folder\messenger\src\test\resources
2016-05-04 13:48:15,891 [Worker-63] INFO  o.e.m.c.i.embedder.EclipseLogger - Using 'UTF-8' encoding to copy filtered resources.
2016-05-04 13:48:15,893 [Worker-63] INFO  o.e.m.c.i.embedder.EclipseLogger - Copying 0 resource
2016-05-04 13:48:15,899 [Worker-63] INFO  o.e.m.c.i.embedder.EclipseLogger - Using 'UTF-8' encoding to copy filtered resources.
2016-05-04 13:48:15,899 [Worker-63] INFO  o.e.m.c.i.embedder.EclipseLogger - skip non existing resourceDirectory D:\java_samples\New folder\messenger\src\test\resources
2016-05-04 13:49:07,691 [Worker-63] INFO  o.e.m.c.i.embedder.EclipseLogger - Using 'UTF-8' encoding to copy filtered resources.
2016-05-04 13:49:07,693 [Worker-63] INFO  o.e.m.c.i.embedder.EclipseLogger - Copying 0 resource
2016-05-04 13:49:07,697 [Worker-63] INFO  o.e.m.c.i.embedder.EclipseLogger - Using 'UTF-8' encoding to copy filtered resources.
2016-05-04 13:49:07,698 [Worker-63] INFO  o.e.m.c.i.embedder.EclipseLogger - skip non existing resourceDirectory D:\java_samples\New folder\messenger\src\test\resources
2016-05-04 13:50:34,974 [Worker-66] INFO  o.e.m.c.i.embedder.EclipseLogger - Using 'UTF-8' encoding to copy filtered resources.
2016-05-04 13:50:34,976 [Worker-66] INFO  o.e.m.c.i.embedder.EclipseLogger - Copying 0 resource
2016-05-04 13:50:35,008 [Worker-66] INFO  o.e.m.c.i.embedder.EclipseLogger - Using 'UTF-8' encoding to copy filtered resources.
2016-05-04 13:50:35,009 [Worker-66] INFO  o.e.m.c.i.embedder.EclipseLogger - skip non existing resourceDirectory D:\java_samples\New folder\messenger\src\test\resources
2016-05-04 13:53:36,269 [Worker-73] INFO  o.e.m.c.i.embedder.EclipseLogger - Using 'UTF-8' encoding to copy filtered resources.
2016-05-04 13:53:36,271 [Worker-73] INFO  o.e.m.c.i.embedder.EclipseLogger - Copying 0 resource
2016-05-04 13:53:36,278 [Worker-73] INFO  o.e.m.c.i.embedder.EclipseLogger - Using 'UTF-8' encoding to copy filtered resources.
2016-05-04 13:53:36,279 [Worker-73] INFO  o.e.m.c.i.embedder.EclipseLogger - skip non existing resourceDirectory D:\java_samples\New folder\messenger\src\test\resources
2016-05-04 13:54:00,371 [Worker-63] INFO  o.e.m.c.i.embedder.EclipseLogger - Using 'UTF-8' encoding to copy filtered resources.
2016-05-04 13:54:00,373 [Worker-63] INFO  o.e.m.c.i.embedder.EclipseLogger - Copying 0 resource
2016-05-04 13:54:00,376 [Worker-63] INFO  o.e.m.c.i.embedder.EclipseLogger - Using 'UTF-8' encoding to copy filtered resources.
2016-05-04 13:54:00,377 [Worker-63] INFO  o.e.m.c.i.embedder.EclipseLogger - skip non existing resourceDirectory D:\java_samples\New folder\messenger\src\test\resources
2016-05-04 13:56:57,610 [Worker-65] INFO  o.e.m.c.i.embedder.EclipseLogger - Using 'UTF-8' encoding to copy filtered resources.
2016-05-04 13:56:57,611 [Worker-65] INFO  o.e.m.c.i.embedder.EclipseLogger - Copying 0 resource
2016-05-04 13:56:57,614 [Worker-65] INFO  o.e.m.c.i.embedder.EclipseLogger - Using 'UTF-8' encoding to copy filtered resources.
2016-05-04 13:56:57,614 [Worker-65] INFO  o.e.m.c.i.embedder.EclipseLogger - skip non existing resourceDirectory D:\java_samples\New folder\messenger\src\test\resources
2016-05-04 13:57:15,030 [Worker-76] INFO  o.e.m.c.i.embedder.EclipseLogger - Using 'UTF-8' encoding to copy filtered resources.
2016-05-04 13:57:15,031 [Worker-76] INFO  o.e.m.c.i.embedder.EclipseLogger - Copying 0 resource
2016-05-04 13:57:15,034 [Worker-76] INFO  o.e.m.c.i.embedder.EclipseLogger - Using 'UTF-8' encoding to copy filtered resources.
2016-05-04 13:57:15,035 [Worker-76] INFO  o.e.m.c.i.embedder.EclipseLogger - skip non existing resourceDirectory D:\java_samples\New folder\messenger\src\test\resources
2016-05-04 13:59:48,439 [Worker-83] INFO  o.e.m.c.i.embedder.EclipseLogger - Using 'UTF-8' encoding to copy filtered resources.
2016-05-04 13:59:48,441 [Worker-83] INFO  o.e.m.c.i.embedder.EclipseLogger - Copying 0 resource
2016-05-04 13:59:48,444 [Worker-83] INFO  o.e.m.c.i.embedder.EclipseLogger - Using 'UTF-8' encoding to copy filtered resources.
2016-05-04 13:59:48,444 [Worker-83] INFO  o.e.m.c.i.embedder.EclipseLogger - skip non existing resourceDirectory D:\java_samples\New folder\messenger\src\test\resources
2016-05-04 14:00:41,189 [Worker-85] INFO  o.e.m.c.i.embedder.EclipseLogger - Using 'UTF-8' encoding to copy filtered resources.
2016-05-04 14:00:41,191 [Worker-85] INFO  o.e.m.c.i.embedder.EclipseLogger - Copying 0 resource
2016-05-04 14:00:41,194 [Worker-85] INFO  o.e.m.c.i.embedder.EclipseLogger - Using 'UTF-8' encoding to copy filtered resources.
2016-05-04 14:00:41,195 [Worker-85] INFO  o.e.m.c.i.embedder.EclipseLogger - skip non existing resourceDirectory D:\java_samples\New folder\messenger\src\test\resources
2016-05-04 14:01:13,997 [Worker-82] INFO  o.e.m.c.i.embedder.EclipseLogger - Using 'UTF-8' encoding to copy filtered resources.
2016-05-04 14:01:13,998 [Worker-82] INFO  o.e.m.c.i.embedder.EclipseLogger - Copying 0 resource
2016-05-04 14:01:14,001 [Worker-82] INFO  o.e.m.c.i.embedder.EclipseLogger - Using 'UTF-8' encoding to copy filtered resources.
2016-05-04 14:01:14,002 [Worker-82] INFO  o.e.m.c.i.embedder.EclipseLogger - skip non existing resourceDirectory D:\java_samples\New folder\messenger\src\test\resources
2016-05-04 14:02:14,688 [Worker-81] INFO  o.e.m.c.i.embedder.EclipseLogger - Using 'UTF-8' encoding to copy filtered resources.
2016-05-04 14:02:14,690 [Worker-81] INFO  o.e.m.c.i.embedder.EclipseLogger - Copying 0 resource
2016-05-04 14:02:14,693 [Worker-81] INFO  o.e.m.c.i.embedder.EclipseLogger - Using 'UTF-8' encoding to copy filtered resources.
2016-05-04 14:02:14,694 [Worker-81] INFO  o.e.m.c.i.embedder.EclipseLogger - skip non existing resourceDirectory D:\java_samples\New folder\messenger\src\test\resources
2016-05-04 14:02:26,404 [Worker-85] INFO  o.e.m.c.i.embedder.EclipseLogger - Using 'UTF-8' encoding to copy filtered resources.
2016-05-04 14:02:26,406 [Worker-85] INFO  o.e.m.c.i.embedder.EclipseLogger - Copying 0 resource
2016-05-04 14:02:26,409 [Worker-85] INFO  o.e.m.c.i.embedder.EclipseLogger - Using 'UTF-8' encoding to copy filtered resources.
2016-05-04 14:02:26,409 [Worker-85] INFO  o.e.m.c.i.embedder.EclipseLogger - skip non existing resourceDirectory D:\java_samples\New folder\messenger\src\test\resources
2016-05-04 14:03:47,860 [Worker-83] INFO  o.e.m.c.i.embedder.EclipseLogger - Using 'UTF-8' encoding to copy filtered resources.
2016-05-04 14:03:47,861 [Worker-83] INFO  o.e.m.c.i.embedder.EclipseLogger - Copying 0 resource
2016-05-04 14:03:47,864 [Worker-83] INFO  o.e.m.c.i.embedder.EclipseLogger - Using 'UTF-8' encoding to copy filtered resources.
2016-05-04 14:03:47,865 [Worker-83] INFO  o.e.m.c.i.embedder.EclipseLogger - skip non existing resourceDirectory D:\java_samples\New folder\messenger\src\test\resources
2016-05-04 14:04:15,940 [Worker-82] INFO  o.e.m.c.i.embedder.EclipseLogger - Using 'UTF-8' encoding to copy filtered resources.
2016-05-04 14:04:15,942 [Worker-82] INFO  o.e.m.c.i.embedder.EclipseLogger - Copying 0 resource
2016-05-04 14:04:15,945 [Worker-82] INFO  o.e.m.c.i.embedder.EclipseLogger - Using 'UTF-8' encoding to copy filtered resources.
2016-05-04 14:04:15,946 [Worker-82] INFO  o.e.m.c.i.embedder.EclipseLogger - skip non existing resourceDirectory D:\java_samples\New folder\messenger\src\test\resources
2016-05-04 14:04:27,847 [Worker-81] INFO  o.e.m.c.i.embedder.EclipseLogger - Using 'UTF-8' encoding to copy filtered resources.
2016-05-04 14:04:27,849 [Worker-81] INFO  o.e.m.c.i.embedder.EclipseLogger - Copying 0 resource
2016-05-04 14:04:27,851 [Worker-81] INFO  o.e.m.c.i.embedder.EclipseLogger - Using 'UTF-8' encoding to copy filtered resources.
2016-05-04 14:04:27,852 [Worker-81] INFO  o.e.m.c.i.embedder.EclipseLogger - skip non existing resourceDirectory D:\java_samples\New folder\messenger\src\test\resources
2016-05-04 14:04:55,237 [Worker-80] INFO  o.e.m.c.i.embedder.EclipseLogger - Using 'UTF-8' encoding to copy filtered resources.
2016-05-04 14:04:55,238 [Worker-80] INFO  o.e.m.c.i.embedder.EclipseLogger - Copying 0 resource
2016-05-04 14:04:55,241 [Worker-80] INFO  o.e.m.c.i.embedder.EclipseLogger - Using 'UTF-8' encoding to copy filtered resources.
2016-05-04 14:04:55,242 [Worker-80] INFO  o.e.m.c.i.embedder.EclipseLogger - skip non existing resourceDirectory D:\java_samples\New folder\messenger\src\test\resources
2016-05-04 14:07:05,691 [Worker-89] INFO  o.e.m.c.i.embedder.EclipseLogger - Using 'UTF-8' encoding to copy filtered resources.
2016-05-04 14:07:05,693 [Worker-89] INFO  o.e.m.c.i.embedder.EclipseLogger - Copying 0 resource
2016-05-04 14:07:05,696 [Worker-89] INFO  o.e.m.c.i.embedder.EclipseLogger - Using 'UTF-8' encoding to copy filtered resources.
2016-05-04 14:07:05,697 [Worker-89] INFO  o.e.m.c.i.embedder.EclipseLogger - skip non existing resourceDirectory D:\java_samples\New folder\messenger\src\test\resources
2016-05-04 14:11:00,227 [Worker-94] INFO  o.e.m.c.i.embedder.EclipseLogger - Using 'UTF-8' encoding to copy filtered resources.
2016-05-04 14:11:00,228 [Worker-94] INFO  o.e.m.c.i.embedder.EclipseLogger - Copying 0 resource
2016-05-04 14:11:00,231 [Worker-94] INFO  o.e.m.c.i.embedder.EclipseLogger - Using 'UTF-8' encoding to copy filtered resources.
2016-05-04 14:11:00,232 [Worker-94] INFO  o.e.m.c.i.embedder.EclipseLogger - skip non existing resourceDirectory D:\java_samples\New folder\messenger\src\test\resources
2016-05-04 14:32:11,474 [Worker-100] INFO  o.e.m.c.i.embedder.EclipseLogger - Using 'UTF-8' encoding to copy filtered resources.
2016-05-04 14:32:11,481 [Worker-100] INFO  o.e.m.c.i.embedder.EclipseLogger - Copying 0 resource
2016-05-04 14:32:11,487 [Worker-100] INFO  o.e.m.c.i.embedder.EclipseLogger - Using 'UTF-8' encoding to copy filtered resources.
2016-05-04 14:32:11,488 [Worker-100] INFO  o.e.m.c.i.embedder.EclipseLogger - skip non existing resourceDirectory D:\java_samples\New folder\messenger\src\test\resources
2016-05-04 14:33:34,409 [Worker-106] INFO  o.e.m.c.i.embedder.EclipseLogger - Using 'UTF-8' encoding to copy filtered resources.
2016-05-04 14:33:34,411 [Worker-106] INFO  o.e.m.c.i.embedder.EclipseLogger - Copying 0 resource
2016-05-04 14:33:34,414 [Worker-106] INFO  o.e.m.c.i.embedder.EclipseLogger - Using 'UTF-8' encoding to copy filtered resources.
2016-05-04 14:33:34,414 [Worker-106] INFO  o.e.m.c.i.embedder.EclipseLogger - skip non existing resourceDirectory D:\java_samples\New folder\messenger\src\test\resources
2016-05-04 14:34:19,726 [Worker-111] INFO  o.e.m.c.i.embedder.EclipseLogger - Using 'UTF-8' encoding to copy filtered resources.
2016-05-04 14:34:19,728 [Worker-111] INFO  o.e.m.c.i.embedder.EclipseLogger - Copying 0 resource
2016-05-04 14:34:19,731 [Worker-111] INFO  o.e.m.c.i.embedder.EclipseLogger - Using 'UTF-8' encoding to copy filtered resources.
2016-05-04 14:34:19,731 [Worker-111] INFO  o.e.m.c.i.embedder.EclipseLogger - skip non existing resourceDirectory D:\java_samples\New folder\messenger\src\test\resources
2016-05-04 14:35:04,394 [Worker-112] INFO  o.e.m.c.i.embedder.EclipseLogger - Using 'UTF-8' encoding to copy filtered resources.
2016-05-04 14:35:04,398 [Worker-112] INFO  o.e.m.c.i.embedder.EclipseLogger - Copying 0 resource
2016-05-04 14:35:04,402 [Worker-112] INFO  o.e.m.c.i.embedder.EclipseLogger - Using 'UTF-8' encoding to copy filtered resources.
2016-05-04 14:35:04,403 [Worker-112] INFO  o.e.m.c.i.embedder.EclipseLogger - skip non existing resourceDirectory D:\java_samples\New folder\messenger\src\test\resources
2016-05-04 14:37:01,928 [Worker-108] INFO  o.e.m.c.i.embedder.EclipseLogger - Using 'UTF-8' encoding to copy filtered resources.
2016-05-04 14:37:01,929 [Worker-108] INFO  o.e.m.c.i.embedder.EclipseLogger - Copying 0 resource
2016-05-04 14:37:01,932 [Worker-108] INFO  o.e.m.c.i.embedder.EclipseLogger - Using 'UTF-8' encoding to copy filtered resources.
2016-05-04 14:37:01,933 [Worker-108] INFO  o.e.m.c.i.embedder.EclipseLogger - skip non existing resourceDirectory D:\java_samples\New folder\messenger\src\test\resources
2016-05-04 14:38:58,953 [Worker-113] INFO  o.e.m.c.i.embedder.EclipseLogger - Using 'UTF-8' encoding to copy filtered resources.
2016-05-04 14:38:58,955 [Worker-113] INFO  o.e.m.c.i.embedder.EclipseLogger - Copying 0 resource
2016-05-04 14:38:58,958 [Worker-113] INFO  o.e.m.c.i.embedder.EclipseLogger - Using 'UTF-8' encoding to copy filtered resources.
2016-05-04 14:38:58,959 [Worker-113] INFO  o.e.m.c.i.embedder.EclipseLogger - skip non existing resourceDirectory D:\java_samples\New folder\messenger\src\test\resources
2016-05-04 14:41:19,849 [Worker-108] INFO  o.e.m.c.i.embedder.EclipseLogger - Using 'UTF-8' encoding to copy filtered resources.
2016-05-04 14:41:19,851 [Worker-108] INFO  o.e.m.c.i.embedder.EclipseLogger - Copying 0 resource
2016-05-04 14:41:19,854 [Worker-108] INFO  o.e.m.c.i.embedder.EclipseLogger - Using 'UTF-8' encoding to copy filtered resources.
2016-05-04 14:41:19,854 [Worker-108] INFO  o.e.m.c.i.embedder.EclipseLogger - skip non existing resourceDirectory D:\java_samples\New folder\messenger\src\test\resources
2016-05-04 14:42:14,052 [Worker-107] INFO  o.e.m.c.i.embedder.EclipseLogger - Using 'UTF-8' encoding to copy filtered resources.
2016-05-04 14:42:14,054 [Worker-107] INFO  o.e.m.c.i.embedder.EclipseLogger - Copying 0 resource
2016-05-04 14:42:14,057 [Worker-107] INFO  o.e.m.c.i.embedder.EclipseLogger - Using 'UTF-8' encoding to copy filtered resources.
2016-05-04 14:42:14,057 [Worker-107] INFO  o.e.m.c.i.embedder.EclipseLogger - skip non existing resourceDirectory D:\java_samples\New folder\messenger\src\test\resources
2016-05-04 14:42:51,076 [Worker-116] INFO  o.e.m.c.i.embedder.EclipseLogger - Using 'UTF-8' encoding to copy filtered resources.
2016-05-04 14:42:51,078 [Worker-116] INFO  o.e.m.c.i.embedder.EclipseLogger - Copying 0 resource
2016-05-04 14:42:51,080 [Worker-116] INFO  o.e.m.c.i.embedder.EclipseLogger - Using 'UTF-8' encoding to copy filtered resources.
2016-05-04 14:42:51,081 [Worker-116] INFO  o.e.m.c.i.embedder.EclipseLogger - skip non existing resourceDirectory D:\java_samples\New folder\messenger\src\test\resources
2016-05-04 15:48:32,998 [Worker-145] INFO  o.e.m.c.i.embedder.EclipseLogger - Using 'UTF-8' encoding to copy filtered resources.
2016-05-04 15:48:33,005 [Worker-145] INFO  o.e.m.c.i.embedder.EclipseLogger - Copying 0 resource
2016-05-04 15:48:33,026 [Worker-145] INFO  o.e.m.c.i.embedder.EclipseLogger - Using 'UTF-8' encoding to copy filtered resources.
2016-05-04 15:48:33,027 [Worker-145] INFO  o.e.m.c.i.embedder.EclipseLogger - skip non existing resourceDirectory D:\java_samples\New folder\messenger\src\test\resources
2016-05-04 15:48:40,389 [Worker-148] INFO  o.e.m.c.i.embedder.EclipseLogger - Using 'UTF-8' encoding to copy filtered resources.
2016-05-04 15:48:40,391 [Worker-148] INFO  o.e.m.c.i.embedder.EclipseLogger - Copying 0 resource
2016-05-04 15:48:40,393 [Worker-148] INFO  o.e.m.c.i.embedder.EclipseLogger - Using 'UTF-8' encoding to copy filtered resources.
2016-05-04 15:48:40,394 [Worker-148] INFO  o.e.m.c.i.embedder.EclipseLogger - skip non existing resourceDirectory D:\java_samples\New folder\messenger\src\test\resources
2016-05-04 15:48:58,872 [Worker-139] INFO  o.e.m.c.i.embedder.EclipseLogger - Using 'UTF-8' encoding to copy filtered resources.
2016-05-04 15:48:58,875 [Worker-139] INFO  o.e.m.c.i.embedder.EclipseLogger - Copying 0 resource
2016-05-04 15:48:58,878 [Worker-139] INFO  o.e.m.c.i.embedder.EclipseLogger - Using 'UTF-8' encoding to copy filtered resources.
2016-05-04 15:48:58,878 [Worker-139] INFO  o.e.m.c.i.embedder.EclipseLogger - skip non existing resourceDirectory D:\java_samples\New folder\messenger\src\test\resources
2016-05-04 17:00:11,770 [Worker-174] INFO  o.e.m.c.i.embedder.EclipseLogger - Using 'UTF-8' encoding to copy filtered resources.
2016-05-04 17:00:11,774 [Worker-174] INFO  o.e.m.c.i.embedder.EclipseLogger - Copying 0 resource
2016-05-04 17:00:11,777 [Worker-174] INFO  o.e.m.c.i.embedder.EclipseLogger - Using 'UTF-8' encoding to copy filtered resources.
2016-05-04 17:00:11,777 [Worker-174] INFO  o.e.m.c.i.embedder.EclipseLogger - skip non existing resourceDirectory D:\java_samples\New folder\messenger\src\test\resources
2016-05-04 17:00:21,944 [Worker-172] INFO  o.e.m.c.i.embedder.EclipseLogger - Using 'UTF-8' encoding to copy filtered resources.
2016-05-04 17:00:21,946 [Worker-172] INFO  o.e.m.c.i.embedder.EclipseLogger - Copying 0 resource
2016-05-04 17:00:21,984 [Worker-172] INFO  o.e.m.c.i.embedder.EclipseLogger - Using 'UTF-8' encoding to copy filtered resources.
2016-05-04 17:00:21,985 [Worker-172] INFO  o.e.m.c.i.embedder.EclipseLogger - skip non existing resourceDirectory D:\java_samples\New folder\messenger\src\test\resources
2016-05-04 17:02:13,977 [Worker-176] INFO  o.e.m.c.i.embedder.EclipseLogger - Using 'UTF-8' encoding to copy filtered resources.
2016-05-04 17:02:13,980 [Worker-176] INFO  o.e.m.c.i.embedder.EclipseLogger - Copying 0 resource
2016-05-04 17:02:13,984 [Worker-176] INFO  o.e.m.c.i.embedder.EclipseLogger - Using 'UTF-8' encoding to copy filtered resources.
2016-05-04 17:02:13,984 [Worker-176] INFO  o.e.m.c.i.embedder.EclipseLogger - skip non existing resourceDirectory D:\java_samples\New folder\messenger\src\test\resources
2016-05-05 11:54:33,497 [Worker-2] INFO  o.e.m.c.i.l.LifecycleMappingFactory - Using org.maven.ide.eclipse.wtp.WarLifecycleMapping lifecycle mapping for MavenProject: org.lokesh.applabs:messenger:0.0.1-SNAPSHOT @ D:\java_samples\New folder\messenger\pom.xml.
2016-05-05 11:54:33,497 [Worker-13] INFO  o.e.m.c.i.l.LifecycleMappingFactory - Using org.maven.ide.eclipse.wtp.WarLifecycleMapping lifecycle mapping for MavenProject: org.lokesh.applabs:messenger:0.0.1-SNAPSHOT @ D:\java_samples\New folder\messenger\pom.xml.
2016-05-05 11:54:59,881 [Worker-13] INFO  o.e.m.c.i.embedder.EclipseLogger - Using 'UTF-8' encoding to copy filtered resources.
2016-05-05 11:54:59,903 [Worker-13] INFO  o.e.m.c.i.embedder.EclipseLogger - Copying 0 resource
2016-05-05 11:54:59,924 [Worker-13] INFO  o.e.m.c.i.embedder.EclipseLogger - Using 'UTF-8' encoding to copy filtered resources.
2016-05-05 11:54:59,924 [Worker-13] INFO  o.e.m.c.i.embedder.EclipseLogger - skip non existing resourceDirectory D:\java_samples\New folder\messenger\src\test\resources
2016-05-05 11:55:10,722 [Worker-22] INFO  o.e.m.c.i.l.LifecycleMappingFactory - Using org.maven.ide.eclipse.wtp.WarLifecycleMapping lifecycle mapping for MavenProject: org.lokesh.applabs:messenger:0.0.1-SNAPSHOT @ D:\java_samples\New folder\messenger\pom.xml.
2016-05-05 11:55:24,785 [Worker-7] INFO  o.e.m.c.i.embedder.EclipseLogger - Using 'UTF-8' encoding to copy filtered resources.
2016-05-05 11:55:24,790 [Worker-7] INFO  o.e.m.c.i.embedder.EclipseLogger - Copying 0 resource
2016-05-05 11:55:24,797 [Worker-7] INFO  o.e.m.c.i.embedder.EclipseLogger - Using 'UTF-8' encoding to copy filtered resources.
2016-05-05 11:55:24,798 [Worker-7] INFO  o.e.m.c.i.embedder.EclipseLogger - skip non existing resourceDirectory D:\java_samples\New folder\messenger\src\test\resources
2016-05-05 12:41:37,934 [Worker-28] INFO  o.e.m.c.i.l.LifecycleMappingFactory - Using org.maven.ide.eclipse.wtp.WarLifecycleMapping lifecycle mapping for MavenProject: org.lokesh.applabs:messenger:0.0.1-SNAPSHOT @ D:\java_samples\New folder\messenger\pom.xml.
2016-05-05 12:41:52,865 [Worker-28] INFO  o.e.m.c.i.embedder.EclipseLogger - Using 'UTF-8' encoding to copy filtered resources.
2016-05-05 12:41:52,898 [Worker-28] INFO  o.e.m.c.i.embedder.EclipseLogger - Copying 0 resource
2016-05-05 12:41:52,910 [Worker-28] INFO  o.e.m.c.i.embedder.EclipseLogger - Using 'UTF-8' encoding to copy filtered resources.
2016-05-05 12:41:52,911 [Worker-28] INFO  o.e.m.c.i.embedder.EclipseLogger - skip non existing resourceDirectory D:\java_samples\New folder\messenger\src\test\resources
2016-05-05 12:41:52,958 [Worker-28] INFO  o.e.m.w.i.f.ResourceFilteringBuildParticipant - Changed resources require a complete clean of filtered resources of messenger
2016-05-05 12:41:52,960 [Worker-28] INFO  o.e.m.w.i.f.ResourceFilteringBuildParticipant - Executing resource filtering for messenger
2016-05-05 12:41:52,983 [Worker-28] INFO  o.e.m.c.i.embedder.EclipseLogger - Using 'UTF-8' encoding to copy filtered resources.
2016-05-05 12:43:20,794 [Worker-28] INFO  o.e.m.c.i.l.LifecycleMappingFactory - Using org.maven.ide.eclipse.wtp.WarLifecycleMapping lifecycle mapping for MavenProject: org.lokesh.applabs:messenger:0.0.1-SNAPSHOT @ D:\java_samples\New folder\messenger\pom.xml.
2016-05-05 12:43:28,034 [Worker-28] INFO  o.e.m.c.i.embedder.EclipseLogger - Using 'UTF-8' encoding to copy filtered resources.
2016-05-05 12:43:28,039 [Worker-28] INFO  o.e.m.c.i.embedder.EclipseLogger - Copying 0 resource
2016-05-05 12:43:28,048 [Worker-28] INFO  o.e.m.c.i.embedder.EclipseLogger - Using 'UTF-8' encoding to copy filtered resources.
2016-05-05 12:43:28,048 [Worker-28] INFO  o.e.m.c.i.embedder.EclipseLogger - skip non existing resourceDirectory D:\java_samples\New folder\messenger\src\test\resources
2016-05-05 12:43:28,049 [Worker-28] INFO  o.e.m.w.i.f.ResourceFilteringBuildParticipant - Changed resources require a complete clean of filtered resources of messenger
2016-05-05 12:43:28,050 [Worker-28] INFO  o.e.m.w.i.f.ResourceFilteringBuildParticipant - Executing resource filtering for messenger
2016-05-05 12:43:28,063 [Worker-28] INFO  o.e.m.c.i.embedder.EclipseLogger - Using 'UTF-8' encoding to copy filtered resources.
2016-05-05 12:43:45,378 [Worker-33] INFO  o.e.m.c.i.l.LifecycleMappingFactory - Using org.maven.ide.eclipse.wtp.WarLifecycleMapping lifecycle mapping for MavenProject: org.lokesh.applabs:messenger:0.0.1-SNAPSHOT @ D:\java_samples\New folder\messenger\pom.xml.
2016-05-05 12:43:53,060 [Worker-33] INFO  o.e.m.c.i.embedder.EclipseLogger - Using 'UTF-8' encoding to copy filtered resources.
2016-05-05 12:43:53,066 [Worker-33] INFO  o.e.m.c.i.embedder.EclipseLogger - Copying 0 resource
2016-05-05 12:43:53,072 [Worker-33] INFO  o.e.m.c.i.embedder.EclipseLogger - Using 'UTF-8' encoding to copy filtered resources.
2016-05-05 12:43:53,073 [Worker-33] INFO  o.e.m.c.i.embedder.EclipseLogger - skip non existing resourceDirectory D:\java_samples\New folder\messenger\src\test\resources
2016-05-05 12:43:53,074 [Worker-33] INFO  o.e.m.w.i.f.ResourceFilteringBuildParticipant - Changed resources require a complete clean of filtered resources of messenger
2016-05-05 12:43:53,074 [Worker-33] INFO  o.e.m.w.i.f.ResourceFilteringBuildParticipant - Executing resource filtering for messenger
2016-05-05 12:43:53,101 [Worker-33] INFO  o.e.m.c.i.embedder.EclipseLogger - Using 'UTF-8' encoding to copy filtered resources.
2016-05-05 16:39:39,874 [Worker-109] INFO  o.e.m.w.i.f.ResourceFilteringBuildParticipant - Cleaning filtered folder for messenger
2016-05-05 16:39:40,664 [Worker-105] INFO  o.e.m.c.i.embedder.EclipseLogger - Using 'UTF-8' encoding to copy filtered resources.
2016-05-05 16:39:40,665 [Worker-105] INFO  o.e.m.c.i.embedder.EclipseLogger - Copying 0 resource
2016-05-05 16:39:40,666 [Worker-105] INFO  o.e.m.c.i.embedder.EclipseLogger - Using 'UTF-8' encoding to copy filtered resources.
2016-05-05 16:39:40,667 [Worker-105] INFO  o.e.m.c.i.embedder.EclipseLogger - skip non existing resourceDirectory D:\java_samples\New folder\messenger\src\test\resources
2016-05-05 16:39:40,667 [Worker-105] INFO  o.e.m.w.i.f.ResourceFilteringBuildParticipant - Changed resources require a complete clean of filtered resources of messenger
2016-05-05 16:39:40,668 [Worker-105] INFO  o.e.m.w.i.f.ResourceFilteringBuildParticipant - Executing resource filtering for messenger
2016-05-05 16:39:41,188 [Worker-105] INFO  o.e.m.c.i.embedder.EclipseLogger - Using 'UTF-8' encoding to copy filtered resources.
2016-05-18 15:14:08,965 [Worker-14] INFO  o.e.m.c.i.embedder.EclipseLogger - Using 'UTF-8' encoding to copy filtered resources.
2016-05-18 15:14:09,054 [Worker-14] INFO  o.e.m.c.i.embedder.EclipseLogger - Copying 0 resource
2016-05-18 15:14:09,064 [Worker-14] INFO  o.e.m.c.i.embedder.EclipseLogger - Using 'UTF-8' encoding to copy filtered resources.
2016-05-18 15:14:09,065 [Worker-14] INFO  o.e.m.c.i.embedder.EclipseLogger - skip non existing resourceDirectory D:\java_samples\New folder\messenger\src\test\resources
